<?xml version="1.0" encoding="UTF-8"?>
<!-- Generated by org.testng.reporters.JUnitReportReporter -->
<testsuite skipped="0" hostname="DESKTOP-G8PV2FO" name="com.flipcart.grocery.pkg21_Register.Register" tests="2" failures="0" timestamp="05 May 2021 03:35:33 GMT" time="8.232" errors="0">
  <testcase name="Register1" time="4.530" classname="com.flipcart.grocery.pkg21_Register.Register"/>
  <testcase name="Register2" time="3.702" classname="com.flipcart.grocery.pkg21_Register.Register"/>
</testsuite> <!-- com.flipcart.grocery.pkg21_Register.Register -->
